<?xml version="1.0" encoding="UTF-8"?>
<!-- Generated by org.testng.reporters.JUnitReportReporter -->
<testsuite hostname="LAPTOP-8K912SJ6" failures="0" tests="4" name="RunnerQA.RunnerClassofQA" time="23.370" errors="0" timestamp="2025-07-02T15:40:32 IST" skipped="0">
  <testcase classname="RunnerQA.RunnerClassofQA" name="runScenario" time="5.047"/>
  <system-out/>
  <testcase classname="RunnerQA.RunnerClassofQA" name="runScenario" time="4.575"/>
  <system-out/>
  <testcase classname="RunnerQA.RunnerClassofQA" name="runScenario" time="3.626"/>
  <system-out/>
  <testcase classname="RunnerQA.RunnerClassofQA" name="runScenario" time="10.122"/>
  <system-out/>
</testsuite> <!-- RunnerQA.RunnerClassofQA -->
