<?xml version="1.0" encoding="UTF-8"?>
<!-- Generated by org.testng.reporters.JUnitReportReporter -->
<testsuite hostname="LAPTOP-8K912SJ6" failures="0" tests="4" name="RunnerQA.RunnerClassofQA" time="19.804" errors="0" timestamp="2025-07-02T16:12:13 IST" skipped="0">
  <testcase classname="RunnerQA.RunnerClassofQA" name="runScenario" time="3.555"/>
  <system-out/>
  <testcase classname="RunnerQA.RunnerClassofQA" name="runScenario" time="3.022"/>
  <system-out/>
  <testcase classname="RunnerQA.RunnerClassofQA" name="runScenario" time="4.128"/>
  <system-out/>
  <testcase classname="RunnerQA.RunnerClassofQA" name="runScenario" time="9.099"/>
  <system-out/>
</testsuite> <!-- RunnerQA.RunnerClassofQA -->
