<?xml version="1.0" encoding="UTF-8"?>
<!-- Generated by org.testng.reporters.JUnitReportReporter -->
<testsuite hostname="LAPTOP-8K912SJ6" failures="0" tests="5" name="RunnerQafox.Ruunerhomepage" time="23.203" errors="0" timestamp="2025-06-30T17:10:04 IST" skipped="0">
  <testcase classname="RunnerQafox.Ruunerhomepage" name="runScenario" time="5.068"/>
  <system-out/>
  <testcase classname="RunnerQafox.Ruunerhomepage" name="runScenario" time="3.406"/>
  <system-out/>
  <testcase classname="RunnerQafox.Ruunerhomepage" name="runScenario" time="4.983"/>
  <system-out/>
  <testcase classname="RunnerQafox.Ruunerhomepage" name="runScenario" time="4.877"/>
  <system-out/>
  <testcase classname="RunnerQafox.Ruunerhomepage" name="runScenario" time="4.869"/>
  <system-out/>
</testsuite> <!-- RunnerQafox.Ruunerhomepage -->
